<?xml version="1.0" encoding="UTF-8"?>
<!-- Generated by org.testng.reporters.JUnitReportReporter -->
<testsuite hostname="L295-W-MARIRAJP" failures="0" tests="2" name="SRSproject.SRSproject.AccountDashboardPageTest" time="111.880" errors="0" timestamp="2022-07-13T16:51:14 IST" skipped="0">
  <testcase classname="SRSproject.SRSproject.AccountDashboardPageTest" name="Account" time="77.986"/>
  <system-out/>
  <testcase classname="SRSproject.SRSproject.AccountDashboardPageTest" name="DashBoard" time="33.894"/>
  <system-out/>
</testsuite> <!-- SRSproject.SRSproject.AccountDashboardPageTest -->
