<?xml version="1.0" encoding="UTF-8"?>
<!-- Generated by org.testng.reporters.JUnitReportReporter -->
<testsuite hostname="L295-W-MARIRAJP" failures="0" tests="1" name="SRSproject.SRSproject.Invoice" time="32.115" errors="0" timestamp="2022-05-30T15:30:42 IST" skipped="0">
  <testcase classname="SRSproject.SRSproject.Invoice" name="invoices" time="32.115"/>
  <system-out/>
</testsuite> <!-- SRSproject.SRSproject.Invoice -->
