<?xml version="1.0" encoding="UTF-8"?>
<!-- Generated by org.testng.reporters.JUnitReportReporter -->
<testsuite hostname="L295-W-MARIRAJP" failures="0" tests="8" name="SRSproject.SRSproject.StoreLocatorsPageTest" time="176.217" errors="0" timestamp="2022-07-11T14:45:35 IST" skipped="0">
  <testcase classname="SRSproject.SRSproject.StoreLocatorsPageTest" name="AllBranchValidation" time="34.727"/>
  <system-out/>
  <testcase classname="SRSproject.SRSproject.StoreLocatorsPageTest" name="SelectBranch_RedirectionValidation" time="15.286"/>
  <system-out/>
  <testcase classname="SRSproject.SRSproject.StoreLocatorsPageTest" name="LocationBasedBranchValidation" time="13.119"/>
  <system-out/>
  <testcase classname="SRSproject.SRSproject.StoreLocatorsPageTest" name="ZipcodeBasedBranchValidation" time="15.638"/>
  <system-out/>
  <testcase classname="SRSproject.SRSproject.StoreLocatorsPageTest" name="GetDirection_RedirectionValidation" time="17.663"/>
  <system-out/>
  <testcase classname="SRSproject.SRSproject.StoreLocatorsPageTest" name="InValidLocationSearch_Validation" time="15.633"/>
  <system-out/>
  <testcase classname="SRSproject.SRSproject.StoreLocatorsPageTest" name="ChangeBranchDisplayed_LoggedInUser_Validation" time="23.796"/>
  <system-out/>
  <testcase classname="SRSproject.SRSproject.StoreLocatorsPageTest" name="ChangingBranch_Validation" time="40.355"/>
  <system-out/>
</testsuite> <!-- SRSproject.SRSproject.StoreLocatorsPageTest -->
