<?xml version="1.0" encoding="UTF-8"?>
<!-- Generated by org.testng.reporters.JUnitReportReporter -->
<testsuite hostname="L295-W-MARIRAJP" failures="0" tests="2" name="SRSproject.SRSproject.CompanyUserTest" time="115.231" errors="0" timestamp="2022-07-15T11:30:04 IST" skipped="0">
  <testcase classname="SRSproject.SRSproject.CompanyUserTest" name="CreateCompanyUser" time="37.261"/>
  <system-out/>
  <testcase classname="SRSproject.SRSproject.CompanyUserTest" name="AddNewUserRole" time="77.970"/>
  <system-out/>
</testsuite> <!-- SRSproject.SRSproject.CompanyUserTest -->
