<?xml version="1.0" encoding="UTF-8"?>
<!-- Generated by org.testng.reporters.JUnitReportReporter -->
<testsuite hostname="L295-W-MARIRAJP" failures="0" tests="9" name="SRSproject.SRSproject.ReorderpadEditaccesrightsTest" time="283.505" errors="0" timestamp="2022-06-28T09:13:06 IST" skipped="0">
  <testcase classname="SRSproject.SRSproject.ReorderpadEditaccesrightsTest" name="ReorderPage_Redirection" time="33.742"/>
  <system-out/>
  <testcase classname="SRSproject.SRSproject.ReorderpadEditaccesrightsTest" name="UploadFile_Redirection_add_a_product_using_search" time="34.632"/>
  <system-out/>
  <testcase classname="SRSproject.SRSproject.ReorderpadEditaccesrightsTest" name="SaveAnReorderList_Validation" time="15.121"/>
  <system-out/>
  <testcase classname="SRSproject.SRSproject.ReorderpadEditaccesrightsTest" name="View_Validation_Reorderpad_to_cart" time="43.208"/>
  <system-out/>
  <testcase classname="SRSproject.SRSproject.ReorderpadEditaccesrightsTest" name="Add_to_Reorder_Pad_in_cartPage" time="69.104"/>
  <system-out>
    <![CDATA[Items are added from cart to Reorder List selected]]>
  </system-out>
  <testcase classname="SRSproject.SRSproject.ReorderpadEditaccesrightsTest" name="Add_Product_to_ReorderPad_from_PLP" time="19.981"/>
  <system-out/>
  <testcase classname="SRSproject.SRSproject.ReorderpadEditaccesrightsTest" name="Add_Product_to_ReorderPad_from_PDP" time="20.471"/>
  <system-out/>
  <testcase classname="SRSproject.SRSproject.ReorderpadEditaccesrightsTest" name="Add_Product_to_ReorderPad_from_Invoice" time="30.771"/>
  <system-out/>
  <testcase classname="SRSproject.SRSproject.ReorderpadEditaccesrightsTest" name="Add_Product_to_ReorderPad_from_Open_order" time="16.475"/>
  <system-out/>
</testsuite> <!-- SRSproject.SRSproject.ReorderpadEditaccesrightsTest -->
