<?xml version="1.0" encoding="UTF-8"?>
<!-- Generated by org.testng.reporters.JUnitReportReporter -->
<testsuite hostname="L295-W-MARIRAJP" failures="0" tests="10" name="SRSproject.SRSproject.HomePage_Brands_Test" time="140.139" errors="0" timestamp="2022-06-23T18:25:13 IST" skipped="0">
  <testcase classname="SRSproject.SRSproject.HomePage_Brands_Test" name="homepageglobal" time="23.863"/>
  <system-out/>
  <testcase classname="SRSproject.SRSproject.HomePage_Brands_Test" name="CategorySelection_Validation" time="9.580"/>
  <system-out/>
  <testcase classname="SRSproject.SRSproject.HomePage_Brands_Test" name="Logo_Validation" time="8.838"/>
  <system-out/>
  <testcase classname="SRSproject.SRSproject.HomePage_Brands_Test" name="siteMap_Redirection_Validation" time="22.455"/>
  <system-out/>
  <testcase classname="SRSproject.SRSproject.HomePage_Brands_Test" name="Terms_Redirection_Validation" time="22.195"/>
  <system-out/>
  <testcase classname="SRSproject.SRSproject.HomePage_Brands_Test" name="Search_Keyword_Autosuggestion" time="7.314"/>
  <system-out>
    <![CDATA[Items are listed in autosuggestion on Search by Keyword]]>
  </system-out>
  <testcase classname="SRSproject.SRSproject.HomePage_Brands_Test" name="Search_PartNo_Autosuggestion" time="9.059"/>
  <system-out>
    <![CDATA[Items are listed in autosuggestion on Search by Part No]]>
  </system-out>
  <testcase classname="SRSproject.SRSproject.HomePage_Brands_Test" name="Search_KeywordValidation" time="16.832"/>
  <system-out>
    <![CDATA[Items are listed in search result page ]]>
  </system-out>
  <testcase classname="SRSproject.SRSproject.HomePage_Brands_Test" name="Legacy_No_Autosuggestion" time="7.300"/>
  <system-out>
    <![CDATA[Items are listed in autosuggestion on Search by legacy no]]>
  </system-out>
  <testcase classname="SRSproject.SRSproject.HomePage_Brands_Test" name="Legacy_SearchResult_Validation" time="12.703"/>
  <system-out>
    <![CDATA[Items are listed in search result page ]]>
  </system-out>
</testsuite> <!-- SRSproject.SRSproject.HomePage_Brands_Test -->
