<?xml version="1.0" encoding="UTF-8"?>
<!-- Generated by org.testng.reporters.JUnitReportReporter -->
<testsuite hostname="L295-W-MARIRAJP" failures="0" tests="6" name="SRSproject.SRSproject.ProductListPageTest" time="252.096" errors="0" timestamp="2022-07-12T09:41:01 IST" skipped="0">
  <testcase classname="SRSproject.SRSproject.ProductListPageTest" name="PLP_RegisterRedirection_GuestValidation" time="32.106"/>
  <system-out/>
  <testcase classname="SRSproject.SRSproject.ProductListPageTest" name="AddToCart_Validation" time="63.898"/>
  <system-out/>
  <testcase classname="SRSproject.SRSproject.ProductListPageTest" name="AddToCart_Validation_using_mousehover" time="34.153"/>
  <system-out/>
  <testcase classname="SRSproject.SRSproject.ProductListPageTest" name="Recently_viewedItems_validation" time="65.216"/>
  <system-out/>
  <testcase classname="SRSproject.SRSproject.ProductListPageTest" name="Recently_viewedItems_Add_validation" time="14.075"/>
  <system-out/>
  <testcase classname="SRSproject.SRSproject.ProductListPageTest" name="UOM_Validation" time="42.648"/>
  <system-out>
UOM EA is Present in PLP  </system-out>
</testsuite> <!-- SRSproject.SRSproject.ProductListPageTest -->
