<?xml version="1.0" encoding="UTF-8"?>
<!-- Generated by org.testng.reporters.JUnitReportReporter -->
<testsuite hostname="L295-W-MARIRAJP" failures="0" tests="5" name="SRSproject.SRSproject.LoginTest" time="155.110" errors="0" timestamp="2022-05-30T11:51:58 IST" skipped="0">
  <testcase classname="SRSproject.SRSproject.LoginTest" name="invalidLoginValidation" time="25.573"/>
  <system-out/>
  <testcase classname="SRSproject.SRSproject.LoginTest" name="LoginValidation" time="33.590"/>
  <system-out/>
  <testcase classname="SRSproject.SRSproject.LoginTest" name="UnApprovedLoginValidation" time="14.001"/>
  <system-out/>
  <testcase classname="SRSproject.SRSproject.LoginTest" name="LoginFromPLP" time="36.094"/>
  <system-out/>
  <testcase classname="SRSproject.SRSproject.LoginTest" name="LoginFromPDP" time="45.852"/>
  <system-out/>
</testsuite> <!-- SRSproject.SRSproject.LoginTest -->
