<?xml version="1.0" encoding="UTF-8"?>
<!-- Generated by org.testng.reporters.JUnitReportReporter -->
<testsuite hostname="L295-W-MARIRAJP" failures="0" tests="6" name="SRSproject.SRSproject.LoginTest" time="385.986" errors="0" timestamp="2022-07-11T20:10:20 IST" skipped="0">
  <testcase classname="SRSproject.SRSproject.LoginTest" name="LoginValidation" time="60.617"/>
  <system-out/>
  <testcase classname="SRSproject.SRSproject.LoginTest" name="invalidLoginValidation" time="41.797"/>
  <system-out/>
  <testcase classname="SRSproject.SRSproject.LoginTest" name="UnApprovedLoginValidation" time="39.199"/>
  <system-out/>
  <testcase classname="SRSproject.SRSproject.LoginTest" name="LoginFromPLP" time="64.355"/>
  <system-out/>
  <testcase classname="SRSproject.SRSproject.LoginTest" name="LoginFromPDP" time="70.283"/>
  <system-out/>
  <testcase classname="SRSproject.SRSproject.LoginTest" name="UnAuthorisedLogin" time="109.735"/>
  <system-out/>
</testsuite> <!-- SRSproject.SRSproject.LoginTest -->
