<?xml version="1.0" encoding="UTF-8"?>
<!-- Generated by org.testng.reporters.JUnitReportReporter -->
<testsuite hostname="L295-W-MARIRAJP" failures="0" tests="3" name="SRSproject.SRSproject.ProductListPageTest" time="87.484" errors="0" timestamp="2022-05-30T11:51:58 IST" skipped="1">
  <testcase classname="SRSproject.SRSproject.ProductListPageTest" name="PLP_RegisterRedirection_GuestValidation" time="30.450"/>
  <system-out/>
  <testcase classname="SRSproject.SRSproject.ProductListPageTest" name="AddToCart_Validation" time="57.034"/>
  <system-out/>
  <testcase classname="SRSproject.SRSproject.ProductListPageTest" name="Recently_viewedItems_validation">
    <skipped/>
  </testcase> <!-- Recently_viewedItems_validation -->
  <system-out/>
</testsuite> <!-- SRSproject.SRSproject.ProductListPageTest -->
