<?xml version="1.0" encoding="UTF-8"?>
<!-- Generated by org.testng.reporters.JUnitReportReporter -->
<testsuite hostname="L295-W-MARIRAJP" failures="0" tests="6" name="SRSproject.SRSproject.AccountStatementTest" time="251.824" errors="0" timestamp="2022-06-27T18:06:01 IST" skipped="1">
  <testcase classname="SRSproject.SRSproject.AccountStatementTest" name="Account" time="102.987"/>
  <system-out/>
  <testcase classname="SRSproject.SRSproject.AccountStatementTest" name="AccountStatementVerify" time="45.613"/>
  <system-out/>
  <testcase classname="SRSproject.SRSproject.AccountStatementTest" name="InvoiceIdVerify" time="44.813"/>
  <system-out/>
  <testcase classname="SRSproject.SRSproject.AccountStatementTest" name="PageCountVerify" time="9.044"/>
  <system-out/>
  <testcase classname="SRSproject.SRSproject.AccountStatementTest" name="AccountBillVerify" time="49.367"/>
  <system-out/>
  <testcase classname="SRSproject.SRSproject.AccountStatementTest" name="PrintPageVerify">
    <skipped/>
  </testcase> <!-- PrintPageVerify -->
  <system-out/>
</testsuite> <!-- SRSproject.SRSproject.AccountStatementTest -->
