<?xml version="1.0" encoding="UTF-8"?>
<!-- Generated by org.testng.reporters.JUnitReportReporter -->
<testsuite hostname="L295-W-MARIRAJP" failures="0" tests="2" name="SRSproject.SRSproject.CompanyUserTest" time="114.165" errors="0" timestamp="2022-07-12T16:57:38 IST" skipped="0">
  <testcase classname="SRSproject.SRSproject.CompanyUserTest" name="CreateCompanyUser" time="38.561"/>
  <system-out/>
  <testcase classname="SRSproject.SRSproject.CompanyUserTest" name="AddNewUserRole" time="75.604"/>
  <system-out/>
</testsuite> <!-- SRSproject.SRSproject.CompanyUserTest -->
