<?xml version="1.0" encoding="UTF-8"?>
<!-- Generated by org.testng.reporters.JUnitReportReporter -->
<testsuite hostname="L295-W-MARIRAJP" failures="0" tests="4" name="SRSproject.SRSproject.CheckoutPageTest" time="88.597" errors="0" timestamp="2022-07-13T12:17:18 IST" skipped="0">
  <testcase classname="SRSproject.SRSproject.CheckoutPageTest" name="CartToCheckout_Validation" time="44.404"/>
  <system-out/>
  <testcase classname="SRSproject.SRSproject.CheckoutPageTest" name="Date_Validation" time="5.158"/>
  <system-out/>
  <testcase classname="SRSproject.SRSproject.CheckoutPageTest" name="ProductList_Validation" time="31.994"/>
  <system-out/>
  <testcase classname="SRSproject.SRSproject.CheckoutPageTest" name="UOM_Validation" time="7.041"/>
  <system-out>
    <![CDATA[UOM EA is Present in PLP]]>
  </system-out>
</testsuite> <!-- SRSproject.SRSproject.CheckoutPageTest -->
