<?xml version="1.0" encoding="UTF-8"?>
<!-- Generated by org.testng.reporters.JUnitReportReporter -->
<testsuite hostname="L295-W-MARIRAJP" failures="0" tests="2" name="SRSproject.SRSproject.AccountDashboardPageTest" time="119.736" errors="0" timestamp="2022-06-24T11:13:43 IST" skipped="0">
  <testcase classname="SRSproject.SRSproject.AccountDashboardPageTest" name="Account" time="85.981"/>
  <system-out/>
  <testcase classname="SRSproject.SRSproject.AccountDashboardPageTest" name="DashBoard" time="33.755"/>
  <system-out/>
</testsuite> <!-- SRSproject.SRSproject.AccountDashboardPageTest -->
