<?xml version="1.0" encoding="UTF-8"?>
<!-- Generated by org.testng.reporters.JUnitReportReporter -->
<testsuite hostname="L295-W-MARIRAJP" failures="0" tests="2" name="SRSproject.SRSproject.ProductDetailPageTest" time="136.089" errors="0" timestamp="2022-05-06T13:53:13 IST" skipped="0">
  <testcase classname="SRSproject.SRSproject.ProductDetailPageTest" name="PDP_RegisterRedirection_GuestValidation" time="54.533"/>
  <system-out/>
  <testcase classname="SRSproject.SRSproject.ProductDetailPageTest" name="AddingItemToCart" time="81.556"/>
  <system-out/>
</testsuite> <!-- SRSproject.SRSproject.ProductDetailPageTest -->
