<?xml version="1.0" encoding="UTF-8"?>
<!-- Generated by org.testng.reporters.JUnitReportReporter -->
<testsuite hostname="L295-W-MARIRAJP" failures="0" tests="6" name="SRSproject.SRSproject.ProductListPageTest" time="227.794" errors="0" timestamp="2022-07-14T20:48:44 IST" skipped="0">
  <testcase classname="SRSproject.SRSproject.ProductListPageTest" name="PLP_RegisterRedirection_GuestValidation" time="39.677"/>
  <system-out/>
  <testcase classname="SRSproject.SRSproject.ProductListPageTest" name="AddToCart_Validation" time="59.889"/>
  <system-out/>
  <testcase classname="SRSproject.SRSproject.ProductListPageTest" name="AddToCart_Validation_using_mousehover" time="31.902"/>
  <system-out/>
  <testcase classname="SRSproject.SRSproject.ProductListPageTest" name="Recently_viewedItems_validation" time="57.209"/>
  <system-out/>
  <testcase classname="SRSproject.SRSproject.ProductListPageTest" name="Recently_viewedItems_Add_validation" time="14.617"/>
  <system-out/>
  <testcase classname="SRSproject.SRSproject.ProductListPageTest" name="UOM_Validation" time="24.500"/>
  <system-out>
    <![CDATA[UOM EA is Present in PLP]]>
  </system-out>
</testsuite> <!-- SRSproject.SRSproject.ProductListPageTest -->
