<?xml version="1.0" encoding="UTF-8"?>
<!-- Generated by org.testng.reporters.JUnitReportReporter -->
<testsuite hostname="L295-W-MARIRAJP" failures="0" tests="6" name="SRSproject.SRSproject.AccountStatementTest" time="362.114" errors="0" timestamp="2022-07-15T13:10:43 IST" skipped="1">
  <testcase classname="SRSproject.SRSproject.AccountStatementTest" name="Account" time="132.026"/>
  <system-out/>
  <testcase classname="SRSproject.SRSproject.AccountStatementTest" name="AccountStatementVerify" time="88.001"/>
  <system-out/>
  <testcase classname="SRSproject.SRSproject.AccountStatementTest" name="InvoiceIdVerify" time="68.876"/>
  <system-out/>
  <testcase classname="SRSproject.SRSproject.AccountStatementTest" name="PageCountVerify" time="9.049"/>
  <system-out/>
  <testcase classname="SRSproject.SRSproject.AccountStatementTest" name="AccountBillVerify" time="64.162"/>
  <system-out/>
  <testcase classname="SRSproject.SRSproject.AccountStatementTest" name="PrintPageVerify">
    <skipped/>
  </testcase> <!-- PrintPageVerify -->
  <system-out/>
</testsuite> <!-- SRSproject.SRSproject.AccountStatementTest -->
