<?xml version="1.0" encoding="UTF-8"?>
<!-- Generated by org.testng.reporters.JUnitReportReporter -->
<testsuite hostname="L295-W-MARIRAJP" failures="0" tests="6" name="SRSproject.SRSproject.BrandPageTest" time="197.769" errors="0" timestamp="2022-07-15T09:19:37 IST" skipped="0">
  <testcase classname="SRSproject.SRSproject.BrandPageTest" name="BandsHeaderValid" time="51.421"/>
  <system-out/>
  <testcase classname="SRSproject.SRSproject.BrandPageTest" name="allBrandsValid" time="33.339"/>
  <system-out/>
  <testcase classname="SRSproject.SRSproject.BrandPageTest" name="SearchBrandName" time="21.979"/>
  <system-out/>
  <testcase classname="SRSproject.SRSproject.BrandPageTest" name="SearchBrandNamePCS" time="29.977"/>
  <system-out/>
  <testcase classname="SRSproject.SRSproject.BrandPageTest" name="SearchBrandNamePEP" time="32.351"/>
  <system-out/>
  <testcase classname="SRSproject.SRSproject.BrandPageTest" name="SearchBrandNameQPS" time="28.702"/>
  <system-out/>
</testsuite> <!-- SRSproject.SRSproject.BrandPageTest -->
