<?xml version="1.0" encoding="UTF-8"?>
<!-- Generated by org.testng.reporters.JUnitReportReporter -->
<testsuite hostname="L295-W-MARIRAJP" failures="0" tests="6" name="SRSproject.SRSproject.ProductListPageTest" time="226.484" errors="0" timestamp="2022-07-11T13:49:37 IST" skipped="0">
  <testcase classname="SRSproject.SRSproject.ProductListPageTest" name="PLP_RegisterRedirection_GuestValidation" time="30.150"/>
  <system-out/>
  <testcase classname="SRSproject.SRSproject.ProductListPageTest" name="AddToCart_Validation" time="58.774"/>
  <system-out/>
  <testcase classname="SRSproject.SRSproject.ProductListPageTest" name="AddToCart_Validation_using_mousehover" time="31.619"/>
  <system-out/>
  <testcase classname="SRSproject.SRSproject.ProductListPageTest" name="Recently_viewedItems_validation" time="55.677"/>
  <system-out/>
  <testcase classname="SRSproject.SRSproject.ProductListPageTest" name="Recently_viewedItems_Add_validation" time="13.001"/>
  <system-out/>
  <testcase classname="SRSproject.SRSproject.ProductListPageTest" name="UOM_Validation" time="37.263"/>
  <system-out>
UOM EA is Present in PLP  </system-out>
</testsuite> <!-- SRSproject.SRSproject.ProductListPageTest -->
