<?xml version="1.0" encoding="UTF-8"?>
<!-- Generated by org.testng.reporters.JUnitReportReporter -->
<testsuite hostname="L295-W-MARIRAJP" failures="0" tests="6" name="SRSproject.SRSproject.BrandPageTest" time="182.895" errors="0" timestamp="2022-07-11T11:22:49 IST" skipped="0">
  <testcase classname="SRSproject.SRSproject.BrandPageTest" name="BandsHeaderValid" time="45.091"/>
  <system-out/>
  <testcase classname="SRSproject.SRSproject.BrandPageTest" name="allBrandsValid" time="28.330"/>
  <system-out/>
  <testcase classname="SRSproject.SRSproject.BrandPageTest" name="SearchBrandName" time="27.009"/>
  <system-out/>
  <testcase classname="SRSproject.SRSproject.BrandPageTest" name="SearchBrandNamePCS" time="22.189"/>
  <system-out/>
  <testcase classname="SRSproject.SRSproject.BrandPageTest" name="SearchBrandNamePEP" time="28.185"/>
  <system-out/>
  <testcase classname="SRSproject.SRSproject.BrandPageTest" name="SearchBrandNameQPS" time="32.091"/>
  <system-out/>
</testsuite> <!-- SRSproject.SRSproject.BrandPageTest -->
