<?xml version="1.0" encoding="UTF-8"?>
<!-- Generated by org.testng.reporters.JUnitReportReporter -->
<testsuite hostname="L295-W-MARIRAJP" failures="0" tests="9" name="SRSproject.SRSproject.InvoiceTest" time="211.677" errors="0" timestamp="2022-07-15T11:39:16 IST" skipped="0">
  <testcase classname="SRSproject.SRSproject.InvoiceTest" name="invoices" time="33.930"/>
  <system-out/>
  <testcase classname="SRSproject.SRSproject.InvoiceTest" name="DropdownPagesSelected" time="0.931"/>
  <system-out/>
  <testcase classname="SRSproject.SRSproject.InvoiceTest" name="InvoiceSearchUsingInvoice_No_Po_No" time="33.193"/>
  <system-out/>
  <testcase classname="SRSproject.SRSproject.InvoiceTest" name="InvoiceNumbervalidation" time="17.229"/>
  <system-out/>
  <testcase classname="SRSproject.SRSproject.InvoiceTest" name="CheckBox" time="23.633"/>
  <system-out/>
  <testcase classname="SRSproject.SRSproject.InvoiceTest" name="Invoice_SecondPage_Listing" time="28.445"/>
  <system-out/>
  <testcase classname="SRSproject.SRSproject.InvoiceTest" name="DownlodFileInvoiceCSV" time="42.409"/>
  <system-out/>
  <testcase classname="SRSproject.SRSproject.InvoiceTest" name="DownlodFileInvoiceXL" time="28.849"/>
  <system-out/>
  <testcase classname="SRSproject.SRSproject.InvoiceTest" name="Downloaded_File_validation" time="3.058"/>
  <system-out/>
</testsuite> <!-- SRSproject.SRSproject.InvoiceTest -->
