<?xml version="1.0" encoding="UTF-8"?>
<!-- Generated by org.testng.reporters.JUnitReportReporter -->
<testsuite hostname="L295-W-MARIRAJP" failures="0" tests="8" name="SRSproject.SRSproject.BulkOrderPadTest" time="191.923" errors="0" timestamp="2022-07-08T17:17:41 IST" skipped="0">
  <testcase classname="SRSproject.SRSproject.BulkOrderPadTest" name="BulOrder_Redirection" time="25.005"/>
  <system-out/>
  <testcase classname="SRSproject.SRSproject.BulkOrderPadTest" name="AddItemtoBulkOrder_Validation" time="30.319"/>
  <system-out>
    <![CDATA[Items added to bulk order as expected]]>
  </system-out>
  <testcase classname="SRSproject.SRSproject.BulkOrderPadTest" name="AddNewLineItem_LegacyNo_Validation" time="22.266"/>
  <system-out>
    <![CDATA[Items added to bulk order as expected by searching by leagcy part no]]>
  </system-out>
  <testcase classname="SRSproject.SRSproject.BulkOrderPadTest" name="UpdateQunatity_Validation" time="1.119"/>
  <system-out>
    <![CDATA[Items added to bulk order as expected]]>
  </system-out>
  <testcase classname="SRSproject.SRSproject.BulkOrderPadTest" name="AddAll_ItemToCart_Validation" time="1.052"/>
  <system-out>
    <![CDATA[Items added to cart]]>
  </system-out>
  <testcase classname="SRSproject.SRSproject.BulkOrderPadTest" name="ListofItem_Validation" time="59.579"/>
  <system-out>
    <![CDATA[Items are uploaded]]>
  </system-out>
  <testcase classname="SRSproject.SRSproject.BulkOrderPadTest" name="UOM_Validation" time="5.238"/>
  <system-out>
    <![CDATA[UOM EA is Present in PLP
UOM EA is Present in PLP]]>
  </system-out>
  <testcase classname="SRSproject.SRSproject.BulkOrderPadTest" name="InValid_FileUpload_Validation" time="47.345"/>
  <system-out>
    <![CDATA[Valid Items are uploaded]]>
  </system-out>
</testsuite> <!-- SRSproject.SRSproject.BulkOrderPadTest -->
