<?xml version="1.0" encoding="UTF-8"?>
<!-- Generated by org.testng.reporters.JUnitReportReporter -->
<testsuite hostname="L295-W-MARIRAJP" failures="1" tests="6" name="SRSproject.SRSproject.ProductDetailPageTest" time="287.758" errors="0" timestamp="2022-07-11T13:23:42 IST" skipped="0">
  <testcase classname="SRSproject.SRSproject.ProductDetailPageTest" name="PDP_RegisterRedirection_GuestValidation" time="34.168"/>
  <system-out/>
  <testcase classname="SRSproject.SRSproject.ProductDetailPageTest" name="AddingItemToCart" time="76.302"/>
  <system-out/>
  <testcase classname="SRSproject.SRSproject.ProductDetailPageTest" name="Recently_viewedItems_validation" time="129.200"/>
  <system-out/>
  <testcase classname="SRSproject.SRSproject.ProductDetailPageTest" name="RelatedProducts_validation" time="5.094"/>
  <system-out/>
  <testcase classname="SRSproject.SRSproject.ProductDetailPageTest" name="Adding_RelatedProduct_validation" time="3.031"/>
  <system-out/>
  <testcase classname="SRSproject.SRSproject.ProductDetailPageTest" name="UOM_Validation" time="39.963">
    <failure message="expected not same [Call for pricing] but found [Call for pricing]" type="java.lang.AssertionError">
      <![CDATA[java.lang.AssertionError: expected not same [Call for pricing] but found [Call for pricing]
at org.testng.Assert.fail(Assert.java:99)
at org.testng.Assert.failSame(Assert.java:1025)
at org.testng.Assert.assertNotSame(Assert.java:1005)
at org.testng.Assert.assertNotSame(Assert.java:1017)
at SRSproject.SRSproject.ProductDetailPageTest.UOM_Validation(ProductDetailPageTest.java:214)
at java.base/jdk.internal.reflect.NativeMethodAccessorImpl.invoke0(Native Method)
at java.base/jdk.internal.reflect.NativeMethodAccessorImpl.invoke(NativeMethodAccessorImpl.java:77)
at java.base/jdk.internal.reflect.DelegatingMethodAccessorImpl.invoke(DelegatingMethodAccessorImpl.java:43)
at java.base/java.lang.reflect.Method.invoke(Method.java:568)
at org.testng.internal.MethodInvocationHelper.invokeMethod(MethodInvocationHelper.java:132)
at org.testng.internal.TestInvoker.invokeMethod(TestInvoker.java:599)
at org.testng.internal.TestInvoker.invokeTestMethod(TestInvoker.java:174)
at org.testng.internal.MethodRunner.runInSequence(MethodRunner.java:46)
at org.testng.internal.TestInvoker$MethodInvocationAgent.invoke(TestInvoker.java:822)
at org.testng.internal.TestInvoker.invokeTestMethods(TestInvoker.java:147)
at org.testng.internal.TestMethodWorker.invokeTestMethods(TestMethodWorker.java:146)
at org.testng.internal.TestMethodWorker.run(TestMethodWorker.java:128)
at java.base/java.util.ArrayList.forEach(ArrayList.java:1511)
at org.testng.TestRunner.privateRun(TestRunner.java:764)
at org.testng.TestRunner.run(TestRunner.java:585)
at org.testng.SuiteRunner.runTest(SuiteRunner.java:384)
at org.testng.SuiteRunner.runSequentially(SuiteRunner.java:378)
at org.testng.SuiteRunner.privateRun(SuiteRunner.java:337)
at org.testng.SuiteRunner.run(SuiteRunner.java:286)
at org.testng.SuiteRunnerWorker.runSuite(SuiteRunnerWorker.java:53)
at org.testng.SuiteRunnerWorker.run(SuiteRunnerWorker.java:96)
at org.testng.TestNG.runSuitesSequentially(TestNG.java:1218)
at org.testng.TestNG.runSuitesLocally(TestNG.java:1140)
at org.testng.TestNG.runSuites(TestNG.java:1069)
at org.testng.TestNG.run(TestNG.java:1037)
at org.testng.remote.AbstractRemoteTestNG.run(AbstractRemoteTestNG.java:115)
at org.testng.remote.RemoteTestNG.initAndRun(RemoteTestNG.java:251)
at org.testng.remote.RemoteTestNG.main(RemoteTestNG.java:77)
]]>
    </failure>
  </testcase> <!-- UOM_Validation -->
  <system-out/>
</testsuite> <!-- SRSproject.SRSproject.ProductDetailPageTest -->
