<?xml version="1.0" encoding="UTF-8"?>
<!-- Generated by org.testng.reporters.JUnitReportReporter -->
<testsuite hostname="L295-W-MARIRAJP" failures="0" tests="8" name="SRSproject.SRSproject.StoreLocatorsPageTest_QPS" time="191.572" errors="0" timestamp="2022-07-13T13:54:30 IST" skipped="0">
  <testcase classname="SRSproject.SRSproject.StoreLocatorsPageTest_QPS" name="AllBranchValidation" time="48.165"/>
  <system-out/>
  <testcase classname="SRSproject.SRSproject.StoreLocatorsPageTest_QPS" name="SelectBranch_RedirectionValidation" time="15.439"/>
  <system-out/>
  <testcase classname="SRSproject.SRSproject.StoreLocatorsPageTest_QPS" name="LocationBasedBranchValidation" time="20.770"/>
  <system-out/>
  <testcase classname="SRSproject.SRSproject.StoreLocatorsPageTest_QPS" name="ZipcodeBasedBranchValidation" time="22.041"/>
  <system-out/>
  <testcase classname="SRSproject.SRSproject.StoreLocatorsPageTest_QPS" name="GetDirection_RedirectionValidation" time="17.757"/>
  <system-out/>
  <testcase classname="SRSproject.SRSproject.StoreLocatorsPageTest_QPS" name="InValidLocationSearch_Validation" time="15.238"/>
  <system-out/>
  <testcase classname="SRSproject.SRSproject.StoreLocatorsPageTest_QPS" name="ChangeBranchDisplayed_LoggedInUser_Validation" time="22.334"/>
  <system-out/>
  <testcase classname="SRSproject.SRSproject.StoreLocatorsPageTest_QPS" name="ChangingBranch_Validation" time="29.828"/>
  <system-out/>
</testsuite> <!-- SRSproject.SRSproject.StoreLocatorsPageTest_QPS -->
