<?xml version="1.0" encoding="UTF-8"?>
<!-- Generated by org.testng.reporters.JUnitReportReporter -->
<testsuite hostname="L295-W-MARIRAJP" failures="0" tests="3" name="SRSproject.SRSproject.CheckoutPlaceorder" time="119.329" errors="0" timestamp="2022-05-11T16:23:01 IST" skipped="1">
  <testcase classname="SRSproject.SRSproject.CheckoutPlaceorder" name="AddingItemToCart" time="82.363"/>
  <system-out/>
  <testcase classname="SRSproject.SRSproject.CheckoutPlaceorder" name="CheckoutValidation" time="36.966"/>
  <system-out>
    <![CDATA[Checkout]]>
  </system-out>
  <testcase classname="SRSproject.SRSproject.CheckoutPlaceorder" name="placeorder_holdorder">
    <skipped/>
  </testcase> <!-- placeorder_holdorder -->
  <system-out/>
</testsuite> <!-- SRSproject.SRSproject.CheckoutPlaceorder -->
