<?xml version="1.0" encoding="UTF-8"?>
<!-- Generated by org.testng.reporters.JUnitReportReporter -->
<testsuite hostname="L295-W-MARIRAJP" failures="0" tests="8" name="SRSproject.SRSproject.ReorderPage_Test" time="261.604" errors="0" timestamp="2022-07-13T13:48:52 IST" skipped="0">
  <testcase classname="SRSproject.SRSproject.ReorderPage_Test" name="ReorderPage_Redirection" time="33.533"/>
  <system-out/>
  <testcase classname="SRSproject.SRSproject.ReorderPage_Test" name="UploadFile_Redirection" time="28.236"/>
  <system-out/>
  <testcase classname="SRSproject.SRSproject.ReorderPage_Test" name="UOM_Validation" time="5.237"/>
  <system-out>
    <![CDATA[UOM EA is Present in PLP
UOM EA is Present in PLP]]>
  </system-out>
  <testcase classname="SRSproject.SRSproject.ReorderPage_Test" name="SaveAnReorderList_Validation" time="11.727"/>
  <system-out/>
  <testcase classname="SRSproject.SRSproject.ReorderPage_Test" name="CreateNewReorder_Redirection" time="19.766"/>
  <system-out/>
  <testcase classname="SRSproject.SRSproject.ReorderPage_Test" name="CreateNew_ReorderPad_AndLegacySearch_Validation" time="35.343"/>
  <system-out>
    <![CDATA[Able to create new reorder pad]]>
  </system-out>
  <testcase classname="SRSproject.SRSproject.ReorderPage_Test" name="View_Validation" time="67.342"/>
  <system-out/>
  <testcase classname="SRSproject.SRSproject.ReorderPage_Test" name="InvalidFile_Validation" time="60.420"/>
  <system-out/>
</testsuite> <!-- SRSproject.SRSproject.ReorderPage_Test -->
