<?xml version="1.0" encoding="UTF-8"?>
<!-- Generated by org.testng.reporters.JUnitReportReporter -->
<testsuite hostname="L295-W-MARIRAJP" failures="0" tests="9" name="SRSproject.SRSproject.InvoiceTest" time="238.174" errors="0" timestamp="2022-07-11T18:52:11 IST" skipped="0">
  <testcase classname="SRSproject.SRSproject.InvoiceTest" name="invoices" time="58.309"/>
  <system-out/>
  <testcase classname="SRSproject.SRSproject.InvoiceTest" name="DropdownPagesSelected" time="0.123"/>
  <system-out/>
  <testcase classname="SRSproject.SRSproject.InvoiceTest" name="InvoiceSearchUsingInvoice_No_Po_No" time="33.591"/>
  <system-out/>
  <testcase classname="SRSproject.SRSproject.InvoiceTest" name="InvoiceNumbervalidation" time="14.028"/>
  <system-out/>
  <testcase classname="SRSproject.SRSproject.InvoiceTest" name="CheckBox" time="27.753"/>
  <system-out/>
  <testcase classname="SRSproject.SRSproject.InvoiceTest" name="Invoice_SecondPage_Listing" time="24.558"/>
  <system-out/>
  <testcase classname="SRSproject.SRSproject.InvoiceTest" name="DownlodFileInvoiceCSV" time="45.823"/>
  <system-out/>
  <testcase classname="SRSproject.SRSproject.InvoiceTest" name="DownlodFileInvoiceXL" time="26.869"/>
  <system-out/>
  <testcase classname="SRSproject.SRSproject.InvoiceTest" name="Downloaded_File_validation" time="7.120"/>
  <system-out/>
</testsuite> <!-- SRSproject.SRSproject.InvoiceTest -->
