<?xml version="1.0" encoding="UTF-8"?>
<!-- Generated by org.testng.reporters.JUnitReportReporter -->
<testsuite hostname="L295-W-MARIRAJP" failures="0" tests="15" name="SRSproject.SRSproject.RegistrationFormTest" time="295.408" errors="0" timestamp="2022-06-30T16:58:44 IST" skipped="0">
  <testcase classname="SRSproject.SRSproject.RegistrationFormTest" name="RegistrationForm_RegisternowRedirectionValidation" time="5.645"/>
  <system-out/>
  <testcase classname="SRSproject.SRSproject.RegistrationFormTest" name="RegistrationForm_BrandFieldDisplayed" time="0.043"/>
  <system-out/>
  <testcase classname="SRSproject.SRSproject.RegistrationFormTest" name="RegistrationForm_KnowMyHeritagePlusAccount" time="1.619"/>
  <system-out/>
  <testcase classname="SRSproject.SRSproject.RegistrationFormTest" name="RegistrationForm_Dont_KnowMyHeritagePlusAccountValidation" time="2.117"/>
  <system-out/>
  <testcase classname="SRSproject.SRSproject.RegistrationFormTest" name="RegistrationForm_AccountInfoSelectionValidation" time="2.652"/>
  <system-out/>
  <testcase classname="SRSproject.SRSproject.RegistrationFormTest" name="RegistrationForm_GLobalsite_FieldErrorValidation" time="1.886"/>
  <system-out/>
  <testcase classname="SRSproject.SRSproject.RegistrationFormTest" name="RegistrationForm_GLobalsite_PhoneNoValidation" time="0.087"/>
  <system-out/>
  <testcase classname="SRSproject.SRSproject.RegistrationFormTest" name="RegistrationForm_GLobalsite_IncorrectEmailValidation" time="1.359"/>
  <system-out/>
  <testcase classname="SRSproject.SRSproject.RegistrationFormTest" name="RegistrationForm_GLobalsite_ExistingEmailValidation" time="15.263"/>
  <system-out/>
  <testcase classname="SRSproject.SRSproject.RegistrationFormTest" name="RegistrationForm_GLobalsite_TermNotCheckedValidation" time="0.032"/>
  <system-out/>
  <testcase classname="SRSproject.SRSproject.RegistrationFormTest" name="RegistrationForm_CPS__BrandAndBranchValidation" time="35.227"/>
  <system-out/>
  <testcase classname="SRSproject.SRSproject.RegistrationFormTest" name="RegistrationForm_FIS_BrandAndBranchValidation" time="31.986"/>
  <system-out/>
  <testcase classname="SRSproject.SRSproject.RegistrationFormTest" name="RegistrationForm_WCC_BrandAndBranchValidation" time="28.481"/>
  <system-out/>
  <testcase classname="SRSproject.SRSproject.RegistrationFormTest" name="RegistrationForm_DontKnowHertiageAccount_RegistrationValidation" time="86.521"/>
  <system-out/>
  <testcase classname="SRSproject.SRSproject.RegistrationFormTest" name="RegistrationForm_KnowHertiageAccount_RegistrationValidation" time="82.490"/>
  <system-out/>
</testsuite> <!-- SRSproject.SRSproject.RegistrationFormTest -->
