<?xml version="1.0" encoding="UTF-8"?>
<!-- Generated by org.testng.reporters.JUnitReportReporter -->
<testsuite hostname="L295-W-MARIRAJP" failures="0" tests="10" name="SRSproject.SRSproject.HomePage_Brands_Test" time="47.726" errors="0" timestamp="2022-07-08T17:20:35 IST" skipped="0">
  <testcase classname="SRSproject.SRSproject.HomePage_Brands_Test" name="homepageglobal" time="4.892"/>
  <system-out/>
  <testcase classname="SRSproject.SRSproject.HomePage_Brands_Test" name="CategorySelection_Validation" time="2.077"/>
  <system-out/>
  <testcase classname="SRSproject.SRSproject.HomePage_Brands_Test" name="Logo_Validation" time="2.520"/>
  <system-out/>
  <testcase classname="SRSproject.SRSproject.HomePage_Brands_Test" name="siteMap_Redirection_Validation" time="5.326"/>
  <system-out/>
  <testcase classname="SRSproject.SRSproject.HomePage_Brands_Test" name="Terms_Redirection_Validation" time="4.180"/>
  <system-out/>
  <testcase classname="SRSproject.SRSproject.HomePage_Brands_Test" name="Search_Keyword_Autosuggestion" time="5.206"/>
  <system-out>
    <![CDATA[Items are listed in autosuggestion on Search by Keyword]]>
  </system-out>
  <testcase classname="SRSproject.SRSproject.HomePage_Brands_Test" name="Search_PartNo_Autosuggestion" time="5.159"/>
  <system-out>
    <![CDATA[Items are listed in autosuggestion on Search by Part No]]>
  </system-out>
  <testcase classname="SRSproject.SRSproject.HomePage_Brands_Test" name="Search_KeywordValidation" time="6.031"/>
  <system-out>
    <![CDATA[Items are listed in search result page ]]>
  </system-out>
  <testcase classname="SRSproject.SRSproject.HomePage_Brands_Test" name="Legacy_No_Autosuggestion" time="5.677"/>
  <system-out>
    <![CDATA[Items are listed in autosuggestion on Search by legacy no]]>
  </system-out>
  <testcase classname="SRSproject.SRSproject.HomePage_Brands_Test" name="Legacy_SearchResult_Validation" time="6.658"/>
  <system-out>
    <![CDATA[Items are listed in search result page ]]>
  </system-out>
</testsuite> <!-- SRSproject.SRSproject.HomePage_Brands_Test -->
