<?xml version="1.0" encoding="UTF-8"?>
<!-- Generated by org.testng.reporters.JUnitReportReporter -->
<testsuite hostname="L295-W-MARIRAJP" failures="0" tests="6" name="SRSproject.SRSproject.ProductListPageTest" time="175.885" errors="0" timestamp="2022-07-07T10:37:59 IST" skipped="0">
  <testcase classname="SRSproject.SRSproject.ProductListPageTest" name="PLP_RegisterRedirection_GuestValidation" time="21.510"/>
  <system-out/>
  <testcase classname="SRSproject.SRSproject.ProductListPageTest" name="AddToCart_Validation" time="50.025"/>
  <system-out/>
  <testcase classname="SRSproject.SRSproject.ProductListPageTest" name="AddToCart_Validation_using_mousehover" time="20.629"/>
  <system-out/>
  <testcase classname="SRSproject.SRSproject.ProductListPageTest" name="Recently_viewedItems_validation" time="37.644"/>
  <system-out/>
  <testcase classname="SRSproject.SRSproject.ProductListPageTest" name="Recently_viewedItems_Add_validation" time="15.369"/>
  <system-out/>
  <testcase classname="SRSproject.SRSproject.ProductListPageTest" name="UOM_Validation" time="30.708"/>
  <system-out>
    <![CDATA[UOM EA is Present in PLP]]>
  </system-out>
</testsuite> <!-- SRSproject.SRSproject.ProductListPageTest -->
