<?xml version="1.0" encoding="UTF-8"?>
<!-- Generated by org.testng.reporters.JUnitReportReporter -->
<testsuite hostname="L295-W-MARIRAJP" failures="0" tests="13" name="SRSproject.SRSproject.CartPageTest" time="313.023" errors="0" timestamp="2022-07-11T12:19:02 IST" skipped="0">
  <testcase classname="SRSproject.SRSproject.CartPageTest" name="MiniCartToCartPage_Redirection" time="46.239"/>
  <system-out/>
  <testcase classname="SRSproject.SRSproject.CartPageTest" name="CartPage_Count" time="1.538"/>
  <system-out/>
  <testcase classname="SRSproject.SRSproject.CartPageTest" name="ProductInformationValidation" time="23.455"/>
  <system-out>
Items price is same in PDP and Cart Page i.e Cart Price : 1.04 = PDP Price : 1.04  </system-out>
  <testcase classname="SRSproject.SRSproject.CartPageTest" name="CartSubtotalValidationfn" time="9.432"/>
  <system-out/>
  <testcase classname="SRSproject.SRSproject.CartPageTest" name="CartUpdateValidation" time="23.308"/>
  <system-out/>
  <testcase classname="SRSproject.SRSproject.CartPageTest" name="UOM_Validation" time="7.058"/>
  <system-out>
UOM FT is Present in PLP  </system-out>
  <testcase classname="SRSproject.SRSproject.CartPageTest" name="AddItemToCart_Validation" time="50.307"/>
  <system-out/>
  <testcase classname="SRSproject.SRSproject.CartPageTest" name="Inventory_Count" time="0.021"/>
  <system-out>
In stock Text is Present   </system-out>
  <testcase classname="SRSproject.SRSproject.CartPageTest" name="Backorder_Warning" time="10.385"/>
  <system-out>
Product was in stock now Backorder Warning is Present  </system-out>
  <testcase classname="SRSproject.SRSproject.CartPageTest" name="Leagacy_PartNo_Validation" time="47.366"/>
  <system-out/>
  <testcase classname="SRSproject.SRSproject.CartPageTest" name="QuatityCount_Displayed_Validation" time="0.072"/>
  <system-out/>
  <testcase classname="SRSproject.SRSproject.CartPageTest" name="Reorder_Validation" time="25.382"/>
  <system-out>
Items are added from cart to Reorder List selected  </system-out>
  <testcase classname="SRSproject.SRSproject.CartPageTest" name="AddItemToCart_ValidationTo_Reorder" time="68.460"/>
  <system-out>
Items are added from cart to Reorder List selected  </system-out>
</testsuite> <!-- SRSproject.SRSproject.CartPageTest -->
