<?xml version="1.0" encoding="UTF-8"?>
<!-- Generated by org.testng.reporters.JUnitReportReporter -->
<testsuite hostname="L295-W-MARIRAJP" failures="0" tests="2" name="SRSproject.SRSproject.MyAccountPageTest" time="446.522" errors="0" timestamp="2022-06-27T17:08:37 IST" skipped="0">
  <testcase classname="SRSproject.SRSproject.MyAccountPageTest" name="Account" time="308.929"/>
  <system-out/>
  <testcase classname="SRSproject.SRSproject.MyAccountPageTest" name="ChangeBranch" time="137.593"/>
  <system-out/>
</testsuite> <!-- SRSproject.SRSproject.MyAccountPageTest -->
