<?xml version="1.0" encoding="UTF-8"?>
<!-- Generated by org.testng.reporters.JUnitReportReporter -->
<testsuite hostname="L295-W-MARIRAJP" failures="0" tests="1" name="SRSproject.SRSproject.LoadTimeCalculation" time="0.012" errors="0" timestamp="2022-07-12T11:47:33 IST" skipped="0">
  <testcase classname="SRSproject.SRSproject.LoadTimeCalculation" name="LoadTime" time="0.012"/>
  <system-out/>
</testsuite> <!-- SRSproject.SRSproject.LoadTimeCalculation -->
