<?xml version="1.0" encoding="UTF-8"?>
<!-- Generated by org.testng.reporters.JUnitReportReporter -->
<testsuite hostname="L295-W-MARIRAJP" failures="0" tests="1" name="SRSproject.SRSproject.Cart_With30_ProductsTest" time="142.863" errors="0" timestamp="2022-06-24T18:16:13 IST" skipped="0">
  <testcase classname="SRSproject.SRSproject.Cart_With30_ProductsTest" name="Checkout_MoreProducts_Validation" time="142.863"/>
  <system-out>
    <![CDATA[Checkout]]>
  </system-out>
</testsuite> <!-- SRSproject.SRSproject.Cart_With30_ProductsTest -->
