<?xml version="1.0" encoding="UTF-8"?>
<!-- Generated by org.testng.reporters.JUnitReportReporter -->
<testsuite hostname="L295-W-MARIRAJP" failures="0" tests="5" name="SRSproject.SRSproject.ProductDetailPageTest" time="139.206" errors="0" timestamp="2022-06-09T17:05:33 IST" skipped="2">
  <testcase classname="SRSproject.SRSproject.ProductDetailPageTest" name="PDP_RegisterRedirection_GuestValidation" time="51.783"/>
  <system-out/>
  <testcase classname="SRSproject.SRSproject.ProductDetailPageTest" name="AddingItemToCart" time="80.336"/>
  <system-out/>
  <testcase classname="SRSproject.SRSproject.ProductDetailPageTest" name="Adding_RelatedProduct_validation" time="7.087"/>
  <system-out/>
  <testcase classname="SRSproject.SRSproject.ProductDetailPageTest" name="RelatedProducts_validation">
    <skipped/>
  </testcase> <!-- RelatedProducts_validation -->
  <system-out/>
  <testcase classname="SRSproject.SRSproject.ProductDetailPageTest" name="Recently_viewedItems_validation">
    <skipped/>
  </testcase> <!-- Recently_viewedItems_validation -->
  <system-out/>
</testsuite> <!-- SRSproject.SRSproject.ProductDetailPageTest -->
