<?xml version="1.0" encoding="UTF-8"?>
<!-- Generated by org.testng.reporters.JUnitReportReporter -->
<testsuite hostname="L295-W-MARIRAJP" failures="0" tests="8" name="SRSproject.SRSproject.BulkOrderPadTest" time="174.086" errors="0" timestamp="2022-07-11T17:13:46 IST" skipped="0">
  <testcase classname="SRSproject.SRSproject.BulkOrderPadTest" name="BulOrder_Redirection" time="29.738"/>
  <system-out/>
  <testcase classname="SRSproject.SRSproject.BulkOrderPadTest" name="AddItemtoBulkOrder_Validation" time="27.264"/>
  <system-out>
Items added to bulk order as expected  </system-out>
  <testcase classname="SRSproject.SRSproject.BulkOrderPadTest" name="AddNewLineItem_LegacyNo_Validation" time="22.266"/>
  <system-out>
Items added to bulk order as expected by searching by leagcy part no  </system-out>
  <testcase classname="SRSproject.SRSproject.BulkOrderPadTest" name="UpdateQunatity_Validation" time="1.130"/>
  <system-out>
Items added to bulk order as expected  </system-out>
  <testcase classname="SRSproject.SRSproject.BulkOrderPadTest" name="AddAll_ItemToCart_Validation" time="1.063"/>
  <system-out>
Items added to cart  </system-out>
  <testcase classname="SRSproject.SRSproject.BulkOrderPadTest" name="ListofItem_Validation" time="53.299"/>
  <system-out>
Items are uploaded  </system-out>
  <testcase classname="SRSproject.SRSproject.BulkOrderPadTest" name="UOM_Validation" time="5.108"/>
  <system-out>
UOM EA is Present in PLP UOM EA is Present in PLP  </system-out>
  <testcase classname="SRSproject.SRSproject.BulkOrderPadTest" name="InValid_FileUpload_Validation" time="34.218"/>
  <system-out>
Valid Items are uploaded  </system-out>
</testsuite> <!-- SRSproject.SRSproject.BulkOrderPadTest -->
