<?xml version="1.0" encoding="UTF-8"?>
<!-- Generated by org.testng.reporters.JUnitReportReporter -->
<testsuite hostname="L295-W-MARIRAJP" failures="0" tests="6" name="SRSproject.SRSproject.ProductListPageTest" time="132.561" errors="0" timestamp="2022-07-06T11:43:58 IST" skipped="0">
  <testcase classname="SRSproject.SRSproject.ProductListPageTest" name="PLP_RegisterRedirection_GuestValidation" time="10.322"/>
  <system-out/>
  <testcase classname="SRSproject.SRSproject.ProductListPageTest" name="AddToCart_Validation" time="29.835"/>
  <system-out/>
  <testcase classname="SRSproject.SRSproject.ProductListPageTest" name="AddToCart_Validation_using_mousehover" time="21.107"/>
  <system-out/>
  <testcase classname="SRSproject.SRSproject.ProductListPageTest" name="Recently_viewedItems_validation" time="29.278"/>
  <system-out/>
  <testcase classname="SRSproject.SRSproject.ProductListPageTest" name="Recently_viewedItems_Add_validation" time="14.160"/>
  <system-out/>
  <testcase classname="SRSproject.SRSproject.ProductListPageTest" name="UOM_Validation" time="27.859"/>
  <system-out>
    <![CDATA[UOM EA is Present in PLP]]>
  </system-out>
</testsuite> <!-- SRSproject.SRSproject.ProductListPageTest -->
