<?xml version="1.0" encoding="UTF-8"?>
<!-- Generated by org.testng.reporters.JUnitReportReporter -->
<testsuite hostname="L295-W-MARIRAJP" failures="0" tests="7" name="SRSproject.SRSproject.ProductListPageTest" time="198.179" errors="0" timestamp="2022-07-15T12:36:43 IST" skipped="1">
  <testcase classname="SRSproject.SRSproject.ProductListPageTest" name="PLP_RegisterRedirection_GuestValidation" time="41.863"/>
  <system-out/>
  <testcase classname="SRSproject.SRSproject.ProductListPageTest" name="AddToCart_Validation" time="51.155"/>
  <system-out/>
  <testcase classname="SRSproject.SRSproject.ProductListPageTest" name="AddToCart_Validation_using_mousehover" time="22.843"/>
  <system-out/>
  <testcase classname="SRSproject.SRSproject.ProductListPageTest" name="Recently_viewedItems_validation" time="44.930"/>
  <system-out/>
  <testcase classname="SRSproject.SRSproject.ProductListPageTest" name="Recently_viewedItems_Add_validation" time="13.578"/>
  <system-out/>
  <testcase classname="SRSproject.SRSproject.ProductListPageTest" name="UOM_Validation" time="23.810"/>
  <system-out>
    <![CDATA[UOM EA is Present in PLP]]>
  </system-out>
  <testcase classname="SRSproject.SRSproject.ProductListPageTest" name="AddToCart_multiple_items_Validation_using_mousehover">
    <skipped/>
  </testcase> <!-- AddToCart_multiple_items_Validation_using_mousehover -->
  <system-out/>
</testsuite> <!-- SRSproject.SRSproject.ProductListPageTest -->
