<?xml version="1.0" encoding="UTF-8"?>
<!-- Generated by org.testng.reporters.JUnitReportReporter -->
<testsuite hostname="L295-W-MARIRAJP" failures="0" tests="6" name="SRSproject.SRSproject.AccountStatementTest" time="247.661" errors="0" timestamp="2022-07-13T16:55:33 IST" skipped="1">
  <testcase classname="SRSproject.SRSproject.AccountStatementTest" name="Account" time="94.916"/>
  <system-out/>
  <testcase classname="SRSproject.SRSproject.AccountStatementTest" name="AccountStatementVerify" time="47.465"/>
  <system-out/>
  <testcase classname="SRSproject.SRSproject.AccountStatementTest" name="InvoiceIdVerify" time="47.047"/>
  <system-out/>
  <testcase classname="SRSproject.SRSproject.AccountStatementTest" name="PageCountVerify" time="9.033"/>
  <system-out/>
  <testcase classname="SRSproject.SRSproject.AccountStatementTest" name="AccountBillVerify" time="49.200"/>
  <system-out/>
  <testcase classname="SRSproject.SRSproject.AccountStatementTest" name="PrintPageVerify">
    <skipped/>
  </testcase> <!-- PrintPageVerify -->
  <system-out/>
</testsuite> <!-- SRSproject.SRSproject.AccountStatementTest -->
