<?xml version="1.0" encoding="UTF-8"?>
<!-- Generated by org.testng.reporters.JUnitReportReporter -->
<testsuite hostname="L295-W-MARIRAJP" failures="0" tests="2" name="SRSproject.SRSproject.MyAccountPageTest" time="307.647" errors="0" timestamp="2022-07-04T18:35:36 IST" skipped="0">
  <testcase classname="SRSproject.SRSproject.MyAccountPageTest" name="Account" time="151.401"/>
  <system-out/>
  <testcase classname="SRSproject.SRSproject.MyAccountPageTest" name="ChangeBranch" time="156.246"/>
  <system-out/>
</testsuite> <!-- SRSproject.SRSproject.MyAccountPageTest -->
