<?xml version="1.0" encoding="UTF-8"?>
<!-- Generated by org.testng.reporters.JUnitReportReporter -->
<testsuite hostname="L295-W-MARIRAJP" failures="0" tests="6" name="SRSproject.SRSproject.LoginTest" time="240.998" errors="0" timestamp="2022-07-12T09:14:38 IST" skipped="0">
  <testcase classname="SRSproject.SRSproject.LoginTest" name="LoginValidation" time="43.426"/>
  <system-out/>
  <testcase classname="SRSproject.SRSproject.LoginTest" name="invalidLoginValidation" time="23.795"/>
  <system-out/>
  <testcase classname="SRSproject.SRSproject.LoginTest" name="UnApprovedLoginValidation" time="17.904"/>
  <system-out/>
  <testcase classname="SRSproject.SRSproject.LoginTest" name="LoginFromPLP" time="44.856"/>
  <system-out/>
  <testcase classname="SRSproject.SRSproject.LoginTest" name="LoginFromPDP" time="49.895"/>
  <system-out/>
  <testcase classname="SRSproject.SRSproject.LoginTest" name="UnAuthorisedLogin" time="61.122"/>
  <system-out/>
</testsuite> <!-- SRSproject.SRSproject.LoginTest -->
