<?xml version="1.0" encoding="UTF-8"?>
<!-- Generated by org.testng.reporters.JUnitReportReporter -->
<testsuite hostname="L295-W-MARIRAJP" failures="0" tests="6" name="SRSproject.SRSproject.AccountStatementTest" time="294.438" errors="0" timestamp="2022-07-11T18:04:56 IST" skipped="1">
  <testcase classname="SRSproject.SRSproject.AccountStatementTest" name="Account" time="106.809"/>
  <system-out/>
  <testcase classname="SRSproject.SRSproject.AccountStatementTest" name="AccountStatementVerify" time="50.651"/>
  <system-out/>
  <testcase classname="SRSproject.SRSproject.AccountStatementTest" name="InvoiceIdVerify" time="65.547"/>
  <system-out/>
  <testcase classname="SRSproject.SRSproject.AccountStatementTest" name="PageCountVerify" time="9.067"/>
  <system-out/>
  <testcase classname="SRSproject.SRSproject.AccountStatementTest" name="AccountBillVerify" time="62.364"/>
  <system-out/>
  <testcase classname="SRSproject.SRSproject.AccountStatementTest" name="PrintPageVerify">
    <skipped/>
  </testcase> <!-- PrintPageVerify -->
  <system-out/>
</testsuite> <!-- SRSproject.SRSproject.AccountStatementTest -->
