<?xml version="1.0" encoding="UTF-8"?>
<!-- Generated by org.testng.reporters.JUnitReportReporter -->
<testsuite hostname="L295-W-MARIRAJP" failures="0" tests="10" name="SRSproject.SRSproject.HomePage_Brands_Test" time="51.997" errors="0" timestamp="2022-07-13T17:23:26 IST" skipped="0">
  <testcase classname="SRSproject.SRSproject.HomePage_Brands_Test" name="homepageglobal" time="4.933"/>
  <system-out/>
  <testcase classname="SRSproject.SRSproject.HomePage_Brands_Test" name="CategorySelection_Validation" time="2.189"/>
  <system-out/>
  <testcase classname="SRSproject.SRSproject.HomePage_Brands_Test" name="Logo_Validation" time="3.058"/>
  <system-out/>
  <testcase classname="SRSproject.SRSproject.HomePage_Brands_Test" name="siteMap_Redirection_Validation" time="7.494"/>
  <system-out/>
  <testcase classname="SRSproject.SRSproject.HomePage_Brands_Test" name="Terms_Redirection_Validation" time="4.482"/>
  <system-out/>
  <testcase classname="SRSproject.SRSproject.HomePage_Brands_Test" name="Search_Keyword_Autosuggestion" time="6.540"/>
  <system-out>
    <![CDATA[Items are listed in autosuggestion on Search by Keyword]]>
  </system-out>
  <testcase classname="SRSproject.SRSproject.HomePage_Brands_Test" name="Search_PartNo_Autosuggestion" time="5.122"/>
  <system-out>
    <![CDATA[Items are listed in autosuggestion on Search by Part No]]>
  </system-out>
  <testcase classname="SRSproject.SRSproject.HomePage_Brands_Test" name="Search_KeywordValidation" time="6.054"/>
  <system-out>
    <![CDATA[Items are listed in search result page ]]>
  </system-out>
  <testcase classname="SRSproject.SRSproject.HomePage_Brands_Test" name="Legacy_No_Autosuggestion" time="5.805"/>
  <system-out>
    <![CDATA[Items are listed in autosuggestion on Search by legacy no]]>
  </system-out>
  <testcase classname="SRSproject.SRSproject.HomePage_Brands_Test" name="Legacy_SearchResult_Validation" time="6.320"/>
  <system-out>
    <![CDATA[Items are listed in search result page ]]>
  </system-out>
</testsuite> <!-- SRSproject.SRSproject.HomePage_Brands_Test -->
