<?xml version="1.0" encoding="UTF-8"?>
<!-- Generated by org.testng.reporters.JUnitReportReporter -->
<testsuite hostname="L295-W-MARIRAJP" failures="0" tests="9" name="SRSproject.SRSproject.ReorderpadEditaccesrightsTest" time="418.873" errors="0" timestamp="2022-07-07T16:09:53 IST" skipped="0">
  <testcase classname="SRSproject.SRSproject.ReorderpadEditaccesrightsTest" name="ReorderPage_Redirection" time="36.047"/>
  <system-out/>
  <testcase classname="SRSproject.SRSproject.ReorderpadEditaccesrightsTest" name="UploadFile_Redirection_add_a_product_using_search" time="116.118"/>
  <system-out/>
  <testcase classname="SRSproject.SRSproject.ReorderpadEditaccesrightsTest" name="SaveAnReorderList_Validation" time="14.979"/>
  <system-out/>
  <testcase classname="SRSproject.SRSproject.ReorderpadEditaccesrightsTest" name="View_Validation_Reorderpad_to_cart" time="46.910"/>
  <system-out/>
  <testcase classname="SRSproject.SRSproject.ReorderpadEditaccesrightsTest" name="Add_to_Reorder_Pad_in_cartPage" time="106.592"/>
  <system-out>
    <![CDATA[Items are added from cart to Reorder List selected]]>
  </system-out>
  <testcase classname="SRSproject.SRSproject.ReorderpadEditaccesrightsTest" name="Add_Product_to_ReorderPad_from_PLP" time="29.905"/>
  <system-out/>
  <testcase classname="SRSproject.SRSproject.ReorderpadEditaccesrightsTest" name="Add_Product_to_ReorderPad_from_PDP" time="15.279"/>
  <system-out/>
  <testcase classname="SRSproject.SRSproject.ReorderpadEditaccesrightsTest" name="Add_Product_to_ReorderPad_from_Invoice" time="32.818"/>
  <system-out/>
  <testcase classname="SRSproject.SRSproject.ReorderpadEditaccesrightsTest" name="Add_Product_to_ReorderPad_from_Open_order" time="20.225"/>
  <system-out/>
</testsuite> <!-- SRSproject.SRSproject.ReorderpadEditaccesrightsTest -->
