<?xml version="1.0" encoding="UTF-8"?>
<!-- Generated by org.testng.reporters.JUnitReportReporter -->
<testsuite hostname="L295-W-MARIRAJP" failures="0" tests="2" name="SRSproject.SRSproject.ProductListPageTest" time="97.007" errors="0" timestamp="2022-05-04T17:23:17 IST" skipped="0">
  <testcase classname="SRSproject.SRSproject.ProductListPageTest" name="PLP_RegisterRedirection_GuestValidation" time="30.206"/>
  <system-out/>
  <testcase classname="SRSproject.SRSproject.ProductListPageTest" name="AddToCart_Validation" time="66.801"/>
  <system-out/>
</testsuite> <!-- SRSproject.SRSproject.ProductListPageTest -->
