<?xml version="1.0" encoding="UTF-8"?>
<!-- Generated by org.testng.reporters.JUnitReportReporter -->
<testsuite hostname="L295-W-MARIRAJP" failures="0" tests="4" name="SRSproject.SRSproject.QuickOrderPadTest" time="185.573" errors="0" timestamp="2022-05-04T17:23:17 IST" skipped="0">
  <testcase classname="SRSproject.SRSproject.QuickOrderPadTest" name="Quick_OrderPad_Validation" time="61.056"/>
  <system-out/>
  <testcase classname="SRSproject.SRSproject.QuickOrderPadTest" name="Quick_OrderPad_FileUpload_Validation" time="65.277"/>
  <system-out/>
  <testcase classname="SRSproject.SRSproject.QuickOrderPadTest" name="Quick_OrderPad_UploadedtoBulkOrder_Validation" time="16.125"/>
  <system-out/>
  <testcase classname="SRSproject.SRSproject.QuickOrderPadTest" name="Quick_OrderPad_InvalidFileUpload_Validation" time="43.115"/>
  <system-out/>
</testsuite> <!-- SRSproject.SRSproject.QuickOrderPadTest -->
