<?xml version="1.0" encoding="UTF-8"?>
<!-- Generated by org.testng.reporters.JUnitReportReporter -->
<testsuite hostname="L295-W-MARIRAJP" failures="0" tests="1" name="SRSproject.SRSproject.LoadTimeCalculation" time="241.863" errors="0" timestamp="2022-07-12T16:42:01 IST" skipped="0">
  <testcase classname="SRSproject.SRSproject.LoadTimeCalculation" name="LoadTime" time="241.863"/>
  <system-out/>
</testsuite> <!-- SRSproject.SRSproject.LoadTimeCalculation -->
