<?xml version="1.0" encoding="UTF-8"?>
<!-- Generated by org.testng.reporters.JUnitReportReporter -->
<testsuite hostname="L295-W-MARIRAJP" failures="0" tests="9" name="SRSproject.SRSproject.InvoiceTest" time="205.119" errors="0" timestamp="2022-07-13T17:41:00 IST" skipped="0">
  <testcase classname="SRSproject.SRSproject.InvoiceTest" name="invoices" time="33.969"/>
  <system-out/>
  <testcase classname="SRSproject.SRSproject.InvoiceTest" name="DropdownPagesSelected" time="1.059"/>
  <system-out/>
  <testcase classname="SRSproject.SRSproject.InvoiceTest" name="InvoiceSearchUsingInvoice_No_Po_No" time="33.621"/>
  <system-out/>
  <testcase classname="SRSproject.SRSproject.InvoiceTest" name="InvoiceNumbervalidation" time="10.557"/>
  <system-out/>
  <testcase classname="SRSproject.SRSproject.InvoiceTest" name="CheckBox" time="22.434"/>
  <system-out/>
  <testcase classname="SRSproject.SRSproject.InvoiceTest" name="Invoice_SecondPage_Listing" time="24.184"/>
  <system-out/>
  <testcase classname="SRSproject.SRSproject.InvoiceTest" name="DownlodFileInvoiceCSV" time="42.891"/>
  <system-out/>
  <testcase classname="SRSproject.SRSproject.InvoiceTest" name="DownlodFileInvoiceXL" time="28.214"/>
  <system-out/>
  <testcase classname="SRSproject.SRSproject.InvoiceTest" name="Downloaded_File_validation" time="8.190"/>
  <system-out/>
</testsuite> <!-- SRSproject.SRSproject.InvoiceTest -->
