<?xml version="1.0" encoding="UTF-8"?>
<!-- Generated by org.testng.reporters.JUnitReportReporter -->
<testsuite hostname="L295-W-MARIRAJP" failures="0" tests="10" name="SRSproject.SRSproject.HomePage_Brands_Test" time="61.730" errors="0" timestamp="2022-07-15T13:43:01 IST" skipped="0">
  <testcase classname="SRSproject.SRSproject.HomePage_Brands_Test" name="homepageglobal" time="7.291"/>
  <system-out/>
  <testcase classname="SRSproject.SRSproject.HomePage_Brands_Test" name="CategorySelection_Validation" time="3.905"/>
  <system-out/>
  <testcase classname="SRSproject.SRSproject.HomePage_Brands_Test" name="Logo_Validation" time="2.580"/>
  <system-out/>
  <testcase classname="SRSproject.SRSproject.HomePage_Brands_Test" name="siteMap_Redirection_Validation" time="6.517"/>
  <system-out/>
  <testcase classname="SRSproject.SRSproject.HomePage_Brands_Test" name="Terms_Redirection_Validation" time="5.313"/>
  <system-out/>
  <testcase classname="SRSproject.SRSproject.HomePage_Brands_Test" name="Search_Keyword_Autosuggestion" time="7.138"/>
  <system-out>
    <![CDATA[Items are listed in autosuggestion on Search by Keyword]]>
  </system-out>
  <testcase classname="SRSproject.SRSproject.HomePage_Brands_Test" name="Search_PartNo_Autosuggestion" time="6.910"/>
  <system-out>
    <![CDATA[Items are listed in autosuggestion on Search by Part No]]>
  </system-out>
  <testcase classname="SRSproject.SRSproject.HomePage_Brands_Test" name="Search_KeywordValidation" time="8.033"/>
  <system-out>
    <![CDATA[Items are listed in search result page ]]>
  </system-out>
  <testcase classname="SRSproject.SRSproject.HomePage_Brands_Test" name="Legacy_No_Autosuggestion" time="6.721"/>
  <system-out>
    <![CDATA[Items are listed in autosuggestion on Search by legacy no]]>
  </system-out>
  <testcase classname="SRSproject.SRSproject.HomePage_Brands_Test" name="Legacy_SearchResult_Validation" time="7.322"/>
  <system-out>
    <![CDATA[Items are listed in search result page ]]>
  </system-out>
</testsuite> <!-- SRSproject.SRSproject.HomePage_Brands_Test -->
