<?xml version="1.0" encoding="UTF-8"?>
<!-- Generated by org.testng.reporters.JUnitReportReporter -->
<testsuite hostname="L295-W-MARIRAJP" failures="0" tests="6" name="SRSproject.SRSproject.BrandPageTest" time="191.212" errors="0" timestamp="2022-07-13T11:40:27 IST" skipped="0">
  <testcase classname="SRSproject.SRSproject.BrandPageTest" name="BandsHeaderValid" time="50.295"/>
  <system-out/>
  <testcase classname="SRSproject.SRSproject.BrandPageTest" name="allBrandsValid" time="31.849"/>
  <system-out/>
  <testcase classname="SRSproject.SRSproject.BrandPageTest" name="SearchBrandName" time="24.141"/>
  <system-out/>
  <testcase classname="SRSproject.SRSproject.BrandPageTest" name="SearchBrandNamePCS" time="24.412"/>
  <system-out/>
  <testcase classname="SRSproject.SRSproject.BrandPageTest" name="SearchBrandNamePEP" time="28.716"/>
  <system-out/>
  <testcase classname="SRSproject.SRSproject.BrandPageTest" name="SearchBrandNameQPS" time="31.799"/>
  <system-out/>
</testsuite> <!-- SRSproject.SRSproject.BrandPageTest -->
