<?xml version="1.0" encoding="UTF-8"?>
<!-- Generated by org.testng.reporters.JUnitReportReporter -->
<testsuite hostname="L295-W-MARIRAJP" failures="0" tests="8" name="SRSproject.SRSproject.ReorderPadViewAccessrights" time="229.774" errors="0" timestamp="2022-07-07T16:25:50 IST" skipped="0">
  <testcase classname="SRSproject.SRSproject.ReorderPadViewAccessrights" name="ReorderPage_Redirection" time="32.083"/>
  <system-out/>
  <testcase classname="SRSproject.SRSproject.ReorderPadViewAccessrights" name="UploadCSV_and_share_acess_is_enabled_or_not" time="0.042"/>
  <system-out/>
  <testcase classname="SRSproject.SRSproject.ReorderPadViewAccessrights" name="View_Validation_add_ReorderpadProducts_to_cart" time="52.787"/>
  <system-out/>
  <testcase classname="SRSproject.SRSproject.ReorderPadViewAccessrights" name="Add_to_Reorder_Pad_from_cartPage" time="63.914"/>
  <system-out/>
  <testcase classname="SRSproject.SRSproject.ReorderPadViewAccessrights" name="Add_Product_to_ReorderPad_from_PLP" time="20.043"/>
  <system-out/>
  <testcase classname="SRSproject.SRSproject.ReorderPadViewAccessrights" name="Add_Product_to_ReorderPad_from_PDP" time="19.991"/>
  <system-out/>
  <testcase classname="SRSproject.SRSproject.ReorderPadViewAccessrights" name="Add_Product_to_ReorderPad_from_Invoice" time="26.907"/>
  <system-out/>
  <testcase classname="SRSproject.SRSproject.ReorderPadViewAccessrights" name="Add_Product_to_ReorderPad_from_Open_order" time="14.007"/>
  <system-out/>
</testsuite> <!-- SRSproject.SRSproject.ReorderPadViewAccessrights -->
