<?xml version="1.0" encoding="UTF-8"?>
<!-- Generated by org.testng.reporters.JUnitReportReporter -->
<testsuite hostname="L295-W-MARIRAJP" failures="0" tests="8" name="SRSproject.SRSproject.ReorderPage_Test" time="240.877" errors="0" timestamp="2022-07-08T10:54:45 IST" skipped="0">
  <testcase classname="SRSproject.SRSproject.ReorderPage_Test" name="ReorderPage_Redirection" time="32.779"/>
  <system-out/>
  <testcase classname="SRSproject.SRSproject.ReorderPage_Test" name="UploadFile_Redirection" time="24.388"/>
  <system-out/>
  <testcase classname="SRSproject.SRSproject.ReorderPage_Test" name="UOM_Validation" time="5.110"/>
  <system-out>
    <![CDATA[UOM EA is Present in PLP
UOM EA is Present in PLP]]>
  </system-out>
  <testcase classname="SRSproject.SRSproject.ReorderPage_Test" name="SaveAnReorderList_Validation" time="11.645"/>
  <system-out/>
  <testcase classname="SRSproject.SRSproject.ReorderPage_Test" name="CreateNewReorder_Redirection" time="19.966"/>
  <system-out/>
  <testcase classname="SRSproject.SRSproject.ReorderPage_Test" name="CreateNew_ReorderPad_AndLegacySearch_Validation" time="25.348"/>
  <system-out>
    <![CDATA[Able to create new reorder pad]]>
  </system-out>
  <testcase classname="SRSproject.SRSproject.ReorderPage_Test" name="View_Validation" time="68.707"/>
  <system-out/>
  <testcase classname="SRSproject.SRSproject.ReorderPage_Test" name="InvalidFile_Validation" time="52.934"/>
  <system-out/>
</testsuite> <!-- SRSproject.SRSproject.ReorderPage_Test -->
