<?xml version="1.0" encoding="UTF-8"?>
<!-- Generated by org.testng.reporters.JUnitReportReporter -->
<testsuite hostname="L295-W-MARIRAJP" failures="0" tests="2" name="SRSproject.SRSproject.ChangeBranch_shipto_Test" time="53.637" errors="0" timestamp="2022-05-06T17:15:30 IST" skipped="0">
  <testcase classname="SRSproject.SRSproject.ChangeBranch_shipto_Test" name="Change_Shito_Validation" time="36.362"/>
  <system-out/>
  <testcase classname="SRSproject.SRSproject.ChangeBranch_shipto_Test" name="ChangeBranch_Validation" time="17.275"/>
  <system-out/>
</testsuite> <!-- SRSproject.SRSproject.ChangeBranch_shipto_Test -->
