<?xml version="1.0" encoding="UTF-8"?>
<!-- Generated by org.testng.reporters.JUnitReportReporter -->
<testsuite hostname="L295-W-MARIRAJP" failures="0" tests="6" name="SRSproject.SRSproject.LoginTest" time="210.860" errors="0" timestamp="2022-07-13T13:24:55 IST" skipped="0">
  <testcase classname="SRSproject.SRSproject.LoginTest" name="invalidLoginValidation" time="24.385"/>
  <system-out/>
  <testcase classname="SRSproject.SRSproject.LoginTest" name="LoginValidation" time="36.607"/>
  <system-out/>
  <testcase classname="SRSproject.SRSproject.LoginTest" name="UnApprovedLoginValidation" time="14.972"/>
  <system-out/>
  <testcase classname="SRSproject.SRSproject.LoginTest" name="LoginFromPLP" time="36.525"/>
  <system-out/>
  <testcase classname="SRSproject.SRSproject.LoginTest" name="LoginFromPDP" time="43.736"/>
  <system-out/>
  <testcase classname="SRSproject.SRSproject.LoginTest" name="UnAuthorisedLogin" time="54.635"/>
  <system-out/>
</testsuite> <!-- SRSproject.SRSproject.LoginTest -->
