<?xml version="1.0" encoding="UTF-8"?>
<!-- Generated by org.testng.reporters.JUnitReportReporter -->
<testsuite hostname="L295-W-MARIRAJP" failures="0" tests="9" name="SRSproject.SRSproject.InvoiceTest" time="209.978" errors="0" timestamp="2022-07-05T14:17:58 IST" skipped="0">
  <testcase classname="SRSproject.SRSproject.InvoiceTest" name="invoices" time="35.951"/>
  <system-out/>
  <testcase classname="SRSproject.SRSproject.InvoiceTest" name="DropdownPagesSelected" time="1.548"/>
  <system-out/>
  <testcase classname="SRSproject.SRSproject.InvoiceTest" name="InvoiceSearchUsingInvoice_No_Po_No" time="35.354"/>
  <system-out/>
  <testcase classname="SRSproject.SRSproject.InvoiceTest" name="InvoiceNumbervalidation" time="12.841"/>
  <system-out/>
  <testcase classname="SRSproject.SRSproject.InvoiceTest" name="CheckBox" time="23.816"/>
  <system-out/>
  <testcase classname="SRSproject.SRSproject.InvoiceTest" name="Invoice_SecondPage_Listing" time="26.835"/>
  <system-out/>
  <testcase classname="SRSproject.SRSproject.InvoiceTest" name="DownlodFileInvoiceCSV" time="43.071"/>
  <system-out/>
  <testcase classname="SRSproject.SRSproject.InvoiceTest" name="DownlodFileInvoiceXL" time="27.490"/>
  <system-out/>
  <testcase classname="SRSproject.SRSproject.InvoiceTest" name="Downloaded_File_validation" time="3.072"/>
  <system-out/>
</testsuite> <!-- SRSproject.SRSproject.InvoiceTest -->
