<?xml version="1.0" encoding="UTF-8"?>
<!-- Generated by org.testng.reporters.JUnitReportReporter -->
<testsuite hostname="L295-W-MARIRAJP" failures="0" tests="6" name="SRSproject.SRSproject.LoginTest" time="248.956" errors="0" timestamp="2022-06-09T17:05:33 IST" skipped="1">
  <testcase classname="SRSproject.SRSproject.LoginTest" name="invalidLoginValidation" time="54.119"/>
  <system-out/>
  <testcase classname="SRSproject.SRSproject.LoginTest" name="LoginValidation" time="44.334"/>
  <system-out/>
  <testcase classname="SRSproject.SRSproject.LoginTest" name="UnApprovedLoginValidation" time="24.222"/>
  <system-out/>
  <testcase classname="SRSproject.SRSproject.LoginTest" name="LoginFromPLP" time="58.813"/>
  <system-out/>
  <testcase classname="SRSproject.SRSproject.LoginTest" name="LoginFromPDP" time="67.468"/>
  <system-out/>
  <testcase classname="SRSproject.SRSproject.LoginTest" name="UnAuthorisedLogin">
    <skipped/>
  </testcase> <!-- UnAuthorisedLogin -->
  <system-out/>
</testsuite> <!-- SRSproject.SRSproject.LoginTest -->
