<?xml version="1.0" encoding="UTF-8"?>
<!-- Generated by org.testng.reporters.JUnitReportReporter -->
<testsuite hostname="L295-W-MARIRAJP" failures="0" tests="6" name="SRSproject.SRSproject.Reorderpad_no_access" time="124.974" errors="0" timestamp="2022-07-07T15:44:38 IST" skipped="0">
  <testcase classname="SRSproject.SRSproject.Reorderpad_no_access" name="ReorderPage_Redirection" time="28.049"/>
  <system-out/>
  <testcase classname="SRSproject.SRSproject.Reorderpad_no_access" name="Add_to_Reorder_Pad_from_cartPage" time="34.199"/>
  <system-out/>
  <testcase classname="SRSproject.SRSproject.Reorderpad_no_access" name="Add_Product_to_ReorderPad_from_PLP" time="16.832"/>
  <system-out/>
  <testcase classname="SRSproject.SRSproject.Reorderpad_no_access" name="Add_Product_to_ReorderPad_from_PDP" time="10.443"/>
  <system-out/>
  <testcase classname="SRSproject.SRSproject.Reorderpad_no_access" name="Add_Product_to_ReorderPad_from_Invoice" time="22.902"/>
  <system-out/>
  <testcase classname="SRSproject.SRSproject.Reorderpad_no_access" name="Add_Product_to_ReorderPad_from_Open_order" time="12.549"/>
  <system-out/>
</testsuite> <!-- SRSproject.SRSproject.Reorderpad_no_access -->
