<?xml version="1.0" encoding="UTF-8"?>
<!-- Generated by org.testng.reporters.JUnitReportReporter -->
<testsuite hostname="L295-W-MARIRAJP" failures="0" tests="1" name="SRSproject.SRSproject.Cart_With30_ProductsTest" time="140.551" errors="0" timestamp="2022-07-13T13:07:14 IST" skipped="0">
  <testcase classname="SRSproject.SRSproject.Cart_With30_ProductsTest" name="Checkout_MoreProducts_Validation" time="140.551"/>
  <system-out>
    <![CDATA[Checkout]]>
  </system-out>
</testsuite> <!-- SRSproject.SRSproject.Cart_With30_ProductsTest -->
