<?xml version="1.0" encoding="UTF-8"?>
<!-- Generated by org.testng.reporters.JUnitReportReporter -->
<testsuite hostname="L295-W-MARIRAJP" failures="0" tests="4" name="SRSproject.SRSproject.CheckoutPageTest" time="91.857" errors="0" timestamp="2022-07-11T12:37:11 IST" skipped="0">
  <testcase classname="SRSproject.SRSproject.CheckoutPageTest" name="CartToCheckout_Validation" time="48.485"/>
  <system-out/>
  <testcase classname="SRSproject.SRSproject.CheckoutPageTest" name="Date_Validation" time="4.858"/>
  <system-out/>
  <testcase classname="SRSproject.SRSproject.CheckoutPageTest" name="ProductList_Validation" time="31.475"/>
  <system-out/>
  <testcase classname="SRSproject.SRSproject.CheckoutPageTest" name="UOM_Validation" time="7.039"/>
  <system-out>
UOM FT is Present in PLP  </system-out>
</testsuite> <!-- SRSproject.SRSproject.CheckoutPageTest -->
