<?xml version="1.0" encoding="UTF-8"?>
<!-- Generated by org.testng.reporters.JUnitReportReporter -->
<testsuite hostname="L295-W-MARIRAJP" failures="0" tests="6" name="SRSproject.SRSproject.LoginTest" time="194.064" errors="0" timestamp="2022-07-15T11:45:59 IST" skipped="0">
  <testcase classname="SRSproject.SRSproject.LoginTest" name="LoginValidation" time="35.113"/>
  <system-out/>
  <testcase classname="SRSproject.SRSproject.LoginTest" name="invalidLoginValidation" time="23.144"/>
  <system-out/>
  <testcase classname="SRSproject.SRSproject.LoginTest" name="UnApprovedLoginValidation" time="15.144"/>
  <system-out/>
  <testcase classname="SRSproject.SRSproject.LoginTest" name="LoginFromPLP" time="26.342"/>
  <system-out/>
  <testcase classname="SRSproject.SRSproject.LoginTest" name="LoginFromPDP" time="37.908"/>
  <system-out/>
  <testcase classname="SRSproject.SRSproject.LoginTest" name="UnAuthorisedLogin" time="56.413"/>
  <system-out/>
</testsuite> <!-- SRSproject.SRSproject.LoginTest -->
