<?xml version="1.0" encoding="UTF-8"?>
<!-- Generated by org.testng.reporters.JUnitReportReporter -->
<testsuite hostname="L295-W-MARIRAJP" failures="0" tests="8" name="SRSproject.SRSproject.ReorderPage_Test" time="289.611" errors="0" timestamp="2022-07-06T17:50:58 IST" skipped="0">
  <testcase classname="SRSproject.SRSproject.ReorderPage_Test" name="ReorderPage_Redirection" time="37.866"/>
  <system-out/>
  <testcase classname="SRSproject.SRSproject.ReorderPage_Test" name="UploadFile_Redirection" time="24.104"/>
  <system-out/>
  <testcase classname="SRSproject.SRSproject.ReorderPage_Test" name="UOM_Validation" time="5.109"/>
  <system-out>
    <![CDATA[UOM EA is Present in PLP
UOM EA is Present in PLP]]>
  </system-out>
  <testcase classname="SRSproject.SRSproject.ReorderPage_Test" name="SaveAnReorderList_Validation" time="11.640"/>
  <system-out/>
  <testcase classname="SRSproject.SRSproject.ReorderPage_Test" name="CreateNewReorder_Redirection" time="18.834"/>
  <system-out/>
  <testcase classname="SRSproject.SRSproject.ReorderPage_Test" name="CreateNew_ReorderPad_AndLegacySearch_Validation" time="25.420"/>
  <system-out>
    <![CDATA[Able to create new reorder pad]]>
  </system-out>
  <testcase classname="SRSproject.SRSproject.ReorderPage_Test" name="View_Validation" time="116.289"/>
  <system-out/>
  <testcase classname="SRSproject.SRSproject.ReorderPage_Test" name="InvalidFile_Validation" time="50.349"/>
  <system-out/>
</testsuite> <!-- SRSproject.SRSproject.ReorderPage_Test -->
