<?xml version="1.0" encoding="UTF-8"?>
<!-- Generated by org.testng.reporters.JUnitReportReporter -->
<testsuite hostname="L295-W-MARIRAJP" failures="0" tests="6" name="SRSproject.SRSproject.AccountStatementTest" time="241.316" errors="0" timestamp="2022-07-15T09:37:41 IST" skipped="1">
  <testcase classname="SRSproject.SRSproject.AccountStatementTest" name="Account" time="93.654"/>
  <system-out/>
  <testcase classname="SRSproject.SRSproject.AccountStatementTest" name="AccountStatementVerify" time="46.092"/>
  <system-out/>
  <testcase classname="SRSproject.SRSproject.AccountStatementTest" name="InvoiceIdVerify" time="44.939"/>
  <system-out/>
  <testcase classname="SRSproject.SRSproject.AccountStatementTest" name="PageCountVerify" time="9.063"/>
  <system-out/>
  <testcase classname="SRSproject.SRSproject.AccountStatementTest" name="AccountBillVerify" time="47.568"/>
  <system-out/>
  <testcase classname="SRSproject.SRSproject.AccountStatementTest" name="PrintPageVerify">
    <skipped/>
  </testcase> <!-- PrintPageVerify -->
  <system-out/>
</testsuite> <!-- SRSproject.SRSproject.AccountStatementTest -->
