<?xml version="1.0" encoding="UTF-8"?>
<!-- Generated by org.testng.reporters.JUnitReportReporter -->
<testsuite hostname="L295-W-MARIRAJP" failures="0" tests="6" name="SRSproject.SRSproject.BrandPageTest" time="190.507" errors="0" timestamp="2022-07-13T16:59:30 IST" skipped="0">
  <testcase classname="SRSproject.SRSproject.BrandPageTest" name="BandsHeaderValid" time="53.222"/>
  <system-out/>
  <testcase classname="SRSproject.SRSproject.BrandPageTest" name="allBrandsValid" time="31.785"/>
  <system-out/>
  <testcase classname="SRSproject.SRSproject.BrandPageTest" name="SearchBrandName" time="29.120"/>
  <system-out/>
  <testcase classname="SRSproject.SRSproject.BrandPageTest" name="SearchBrandNamePCS" time="26.642"/>
  <system-out/>
  <testcase classname="SRSproject.SRSproject.BrandPageTest" name="SearchBrandNamePEP" time="24.640"/>
  <system-out/>
  <testcase classname="SRSproject.SRSproject.BrandPageTest" name="SearchBrandNameQPS" time="25.098"/>
  <system-out/>
</testsuite> <!-- SRSproject.SRSproject.BrandPageTest -->
