<?xml version="1.0" encoding="UTF-8"?>
<!-- Generated by org.testng.reporters.JUnitReportReporter -->
<testsuite hostname="L295-W-MARIRAJP" failures="0" tests="8" name="SRSproject.SRSproject.ReorderPage_Test" time="283.844" errors="0" timestamp="2022-07-12T09:58:52 IST" skipped="0">
  <testcase classname="SRSproject.SRSproject.ReorderPage_Test" name="ReorderPage_Redirection" time="40.367"/>
  <system-out/>
  <testcase classname="SRSproject.SRSproject.ReorderPage_Test" name="UploadFile_Redirection" time="22.999"/>
  <system-out/>
  <testcase classname="SRSproject.SRSproject.ReorderPage_Test" name="UOM_Validation" time="5.156"/>
  <system-out>
UOM EA is Present in PLP UOM EA is Present in PLP  </system-out>
  <testcase classname="SRSproject.SRSproject.ReorderPage_Test" name="SaveAnReorderList_Validation" time="11.792"/>
  <system-out/>
  <testcase classname="SRSproject.SRSproject.ReorderPage_Test" name="CreateNewReorder_Redirection" time="18.860"/>
  <system-out/>
  <testcase classname="SRSproject.SRSproject.ReorderPage_Test" name="CreateNew_ReorderPad_AndLegacySearch_Validation" time="63.638"/>
  <system-out>
Able to create new reorder pad  </system-out>
  <testcase classname="SRSproject.SRSproject.ReorderPage_Test" name="View_Validation" time="54.467"/>
  <system-out/>
  <testcase classname="SRSproject.SRSproject.ReorderPage_Test" name="InvalidFile_Validation" time="66.565"/>
  <system-out/>
</testsuite> <!-- SRSproject.SRSproject.ReorderPage_Test -->
