<?xml version="1.0" encoding="UTF-8"?>
<!-- Generated by org.testng.reporters.JUnitReportReporter -->
<testsuite hostname="L295-W-MARIRAJP" failures="0" tests="8" name="SRSproject.SRSproject.StoreLocatorsPageTest" time="172.289" errors="0" timestamp="2022-07-06T20:52:44 IST" skipped="0">
  <testcase classname="SRSproject.SRSproject.StoreLocatorsPageTest" name="AllBranchValidation" time="34.763"/>
  <system-out/>
  <testcase classname="SRSproject.SRSproject.StoreLocatorsPageTest" name="SelectBranch_RedirectionValidation" time="15.146"/>
  <system-out/>
  <testcase classname="SRSproject.SRSproject.StoreLocatorsPageTest" name="LocationBasedBranchValidation" time="13.129"/>
  <system-out/>
  <testcase classname="SRSproject.SRSproject.StoreLocatorsPageTest" name="ZipcodeBasedBranchValidation" time="14.240"/>
  <system-out/>
  <testcase classname="SRSproject.SRSproject.StoreLocatorsPageTest" name="GetDirection_RedirectionValidation" time="16.955"/>
  <system-out/>
  <testcase classname="SRSproject.SRSproject.StoreLocatorsPageTest" name="InValidLocationSearch_Validation" time="15.187"/>
  <system-out/>
  <testcase classname="SRSproject.SRSproject.StoreLocatorsPageTest" name="ChangeBranchDisplayed_LoggedInUser_Validation" time="20.164"/>
  <system-out/>
  <testcase classname="SRSproject.SRSproject.StoreLocatorsPageTest" name="ChangingBranch_Validation" time="42.705"/>
  <system-out/>
</testsuite> <!-- SRSproject.SRSproject.StoreLocatorsPageTest -->
