<?xml version="1.0" encoding="UTF-8"?>
<!-- Generated by org.testng.reporters.JUnitReportReporter -->
<testsuite hostname="L295-W-MARIRAJP" failures="0" tests="2" name="SRSproject.SRSproject.ProductListPageTest" time="130.544" errors="0" timestamp="2022-05-06T13:53:13 IST" skipped="0">
  <testcase classname="SRSproject.SRSproject.ProductListPageTest" name="PLP_RegisterRedirection_GuestValidation" time="46.893"/>
  <system-out/>
  <testcase classname="SRSproject.SRSproject.ProductListPageTest" name="AddToCart_Validation" time="83.651"/>
  <system-out/>
</testsuite> <!-- SRSproject.SRSproject.ProductListPageTest -->
