<?xml version="1.0" encoding="UTF-8"?>
<!-- Generated by org.testng.reporters.JUnitReportReporter -->
<testsuite hostname="L295-W-MARIRAJP" failures="0" tests="12" name="SRSproject.SRSproject.CartPageTest" time="366.798" errors="0" timestamp="2022-07-13T13:14:15 IST" skipped="0">
  <testcase classname="SRSproject.SRSproject.CartPageTest" name="MiniCartToCartPage_Redirection" time="36.265"/>
  <system-out/>
  <testcase classname="SRSproject.SRSproject.CartPageTest" name="ProductInformationValidation" time="28.716"/>
  <system-out>
    <![CDATA[Items price is same in PDP and Cart Page i.e Cart Price : 1498.1 = PDP Price : 1498.1]]>
  </system-out>
  <testcase classname="SRSproject.SRSproject.CartPageTest" name="CartSubtotalValidationfn" time="2.272"/>
  <system-out/>
  <testcase classname="SRSproject.SRSproject.CartPageTest" name="CartUpdateValidation" time="8.194"/>
  <system-out/>
  <testcase classname="SRSproject.SRSproject.CartPageTest" name="UOM_Validation" time="7.024"/>
  <system-out>
    <![CDATA[UOM EA is Present in PLP]]>
  </system-out>
  <testcase classname="SRSproject.SRSproject.CartPageTest" name="AddItemToCart_Validation" time="63.275"/>
  <system-out/>
  <testcase classname="SRSproject.SRSproject.CartPageTest" name="Inventory_Count" time="0.029"/>
  <system-out>
    <![CDATA[Call for Availability Text is Present]]>
  </system-out>
  <testcase classname="SRSproject.SRSproject.CartPageTest" name="Backorder_Warning" time="3.035"/>
  <system-out>
    <![CDATA[Call for Availability is there and Backorder Warning is Present]]>
  </system-out>
  <testcase classname="SRSproject.SRSproject.CartPageTest" name="Leagacy_PartNo_Validation" time="26.694"/>
  <system-out/>
  <testcase classname="SRSproject.SRSproject.CartPageTest" name="QuatityCount_Displayed_Validation" time="0.057"/>
  <system-out/>
  <testcase classname="SRSproject.SRSproject.CartPageTest" name="Reorder_Validation" time="29.233"/>
  <system-out>
    <![CDATA[Items are added from cart to Reorder List selected]]>
  </system-out>
  <testcase classname="SRSproject.SRSproject.CartPageTest" name="AddItemToCart_ValidationTo_Reorder" time="162.004"/>
  <system-out>
    <![CDATA[Items are added from cart to Reorder List selected]]>
  </system-out>
</testsuite> <!-- SRSproject.SRSproject.CartPageTest -->
