<?xml version="1.0" encoding="UTF-8"?>
<!-- Generated by org.testng.reporters.JUnitReportReporter -->
<testsuite hostname="L295-W-MARIRAJP" failures="0" tests="2" name="SRSproject.SRSproject.ChangeBranch_shipto_Test" time="126.077" errors="0" timestamp="2022-06-29T15:20:04 IST" skipped="0">
  <testcase classname="SRSproject.SRSproject.ChangeBranch_shipto_Test" name="Change_Shito_Validation" time="93.647"/>
  <system-out/>
  <testcase classname="SRSproject.SRSproject.ChangeBranch_shipto_Test" name="ChangeBranch_Validation" time="32.430"/>
  <system-out/>
</testsuite> <!-- SRSproject.SRSproject.ChangeBranch_shipto_Test -->
